<?xml version="1.0" encoding="UTF-8"?>
<testng-results skipped="0" failed="0" total="1" passed="1">
  <reporter-output>
  </reporter-output>
  <suite name="Suite" duration-ms="23386" started-at="2016-03-24T09:08:44Z" finished-at="2016-03-24T09:09:08Z">
    <groups>
    </groups>
    <test name="Test" duration-ms="23386" started-at="2016-03-24T09:08:44Z" finished-at="2016-03-24T09:09:08Z">
      <class name="testing.SampleTest">
        <test-method status="PASS" signature="test1()[pri:0, instance:testing.SampleTest@1eb84f]" name="test1" duration-ms="23377" started-at="2016-03-24T14:38:44Z" finished-at="2016-03-24T14:39:08Z">
          <reporter-output>
          </reporter-output>
        </test-method> <!-- test1 -->
      </class> <!-- testing.SampleTest -->
    </test> <!-- Test -->
  </suite> <!-- Suite -->
</testng-results>
